<?xml version="1.0" encoding="UTF-8"?>
<!-- Generated by org.testng.reporters.JUnitXMLReporter -->
<testsuite hostname="Biswajit" ignored="2" name="Default test" tests="8" failures="1" timestamp="22 Jun 2019 14:41:18 GMT" time="53.247" errors="0">
  <testcase name="clickOnENbuttonAndDecline" time="1.996" classname="com.qa.testcase.HomeScreenTest"/>
  <testcase name="clickOnRegistrationButtonAndNavigateBack" time="5.594" classname="com.qa.testcase.HomeScreenTest"/>
  <testcase name="enterTextInTextBox" time="0.949" classname="com.qa.testcase.HomeScreenTest"/>
  <testcase name="clickOnProgressBar" time="17.821" classname="com.qa.testcase.HomeScreenTest"/>
  <testcase name="checkAndUncheckIAcceptAddsButton" time="2.546" classname="com.qa.testcase.HomeScreenTest"/>
  <testcase name="getText" time="1.377" classname="com.qa.testcase.HomeScreenTest"/>
  <testcase name="clickOnGetToastButton" time="0.212" classname="com.qa.testcase.HomeScreenTest"/>
  <testcase name="switchToCanvas" time="2.299" classname="com.qa.testcase.HomeScreenTest">
    <failure type="org.openqa.selenium.WebDriverException" message="An unknown server-side error occurred while processing the command. Original error: Swipe did not complete successfully
Build info: version: &amp;apos;3.12.0&amp;apos;, revision: &amp;apos;7c6e0b3&amp;apos;, time: &amp;apos;2018-05-08T14:04:26.12Z&amp;apos;
System info: host: &amp;apos;BISWAJIT&amp;apos;, ip: &amp;apos;192.168.1.9&amp;apos;, os.name: &amp;apos;Windows 10&amp;apos;, os.arch: &amp;apos;amd64&amp;apos;, os.version: &amp;apos;10.0&amp;apos;, java.version: &amp;apos;1.8.0_191&amp;apos;
Driver info: io.appium.java_client.android.AndroidDriver
Capabilities {app: src\main\java\com\qa\app\se..., appPackage: io.selendroid.testapp, appWaitActivity: io.selendroid.testapp.HomeS..., appWaitPackage: io.selendroid.testapp, autoGrantPermissions: true, automationName: uiautomator2, databaseEnabled: false, desired: {app: src\main\java\com\qa\app\se..., appWaitActivity: io.selendroid.testapp.HomeS..., appWaitPackage: io.selendroid.testapp, autoGrantPermissions: true, automationName: uiautomator2, deviceName: Redmi 4, fullReset: false, noReset: true, platformName: android, platformVersion: 7.1, udid: a49cce0a7d24}, deviceApiLevel: 25, deviceManufacturer: Xiaomi, deviceModel: Redmi 4, deviceName: a49cce0a7d24, deviceScreenDensity: 320, deviceScreenSize: 720x1280, deviceUDID: a49cce0a7d24, fullReset: false, javascriptEnabled: true, locationContextEnabled: false, networkConnectionEnabled: true, noReset: true, pixelRatio: 2, platform: LINUX, platformName: Android, platformVersion: 7.1.2, statBarHeight: 50, takesScreenshot: true, udid: a49cce0a7d24, viewportRect: {height: 1230, left: 0, top: 50, width: 720}, warnings: {}, webStorageEnabled: false}
Session ID: bc594d02-2e98-4134-a50a-df3e8f881a22">
      <![CDATA[org.openqa.selenium.WebDriverException: An unknown server-side error occurred while processing the command. Original error: Swipe did not complete successfully
Build info: version: '3.12.0', revision: '7c6e0b3', time: '2018-05-08T14:04:26.12Z'
System info: host: 'BISWAJIT', ip: '192.168.1.9', os.name: 'Windows 10', os.arch: 'amd64', os.version: '10.0', java.version: '1.8.0_191'
Driver info: io.appium.java_client.android.AndroidDriver
Capabilities {app: src\main\java\com\qa\app\se..., appPackage: io.selendroid.testapp, appWaitActivity: io.selendroid.testapp.HomeS..., appWaitPackage: io.selendroid.testapp, autoGrantPermissions: true, automationName: uiautomator2, databaseEnabled: false, desired: {app: src\main\java\com\qa\app\se..., appWaitActivity: io.selendroid.testapp.HomeS..., appWaitPackage: io.selendroid.testapp, autoGrantPermissions: true, automationName: uiautomator2, deviceName: Redmi 4, fullReset: false, noReset: true, platformName: android, platformVersion: 7.1, udid: a49cce0a7d24}, deviceApiLevel: 25, deviceManufacturer: Xiaomi, deviceModel: Redmi 4, deviceName: a49cce0a7d24, deviceScreenDensity: 320, deviceScreenSize: 720x1280, deviceUDID: a49cce0a7d24, fullReset: false, javascriptEnabled: true, locationContextEnabled: false, networkConnectionEnabled: true, noReset: true, pixelRatio: 2, platform: LINUX, platformName: Android, platformVersion: 7.1.2, statBarHeight: 50, takesScreenshot: true, udid: a49cce0a7d24, viewportRect: {height: 1230, left: 0, top: 50, width: 720}, warnings: {}, webStorageEnabled: false}
Session ID: bc594d02-2e98-4134-a50a-df3e8f881a22
at sun.reflect.NativeConstructorAccessorImpl.newInstance0(Native Method)
at sun.reflect.NativeConstructorAccessorImpl.newInstance(Unknown Source)
at sun.reflect.DelegatingConstructorAccessorImpl.newInstance(Unknown Source)
at java.lang.reflect.Constructor.newInstance(Unknown Source)
at org.openqa.selenium.remote.http.W3CHttpResponseCodec.createException(W3CHttpResponseCodec.java:187)
at org.openqa.selenium.remote.http.W3CHttpResponseCodec.decode(W3CHttpResponseCodec.java:122)
at org.openqa.selenium.remote.http.W3CHttpResponseCodec.decode(W3CHttpResponseCodec.java:49)
at org.openqa.selenium.remote.HttpCommandExecutor.execute(HttpCommandExecutor.java:158)
at io.appium.java_client.remote.AppiumCommandExecutor.execute(AppiumCommandExecutor.java:231)
at org.openqa.selenium.remote.RemoteWebDriver.execute(RemoteWebDriver.java:543)
at io.appium.java_client.DefaultGenericMobileDriver.execute(DefaultGenericMobileDriver.java:42)
at io.appium.java_client.AppiumDriver.execute(AppiumDriver.java:1)
at io.appium.java_client.android.AndroidDriver.execute(AndroidDriver.java:1)
at io.appium.java_client.PerformsTouchActions.performTouchAction(PerformsTouchActions.java:41)
at io.appium.java_client.TouchAction.perform(TouchAction.java:187)
at com.qa.testbase.GenericMethods.drawAline(GenericMethods.java:66)
at com.qa.screens.HomeScreen.switchToCanvas(HomeScreen.java:148)
at com.qa.testcase.HomeScreenTest.switchToCanvas(HomeScreenTest.java:83)
at sun.reflect.NativeMethodAccessorImpl.invoke0(Native Method)
at sun.reflect.NativeMethodAccessorImpl.invoke(Unknown Source)
at sun.reflect.DelegatingMethodAccessorImpl.invoke(Unknown Source)
at java.lang.reflect.Method.invoke(Unknown Source)
at org.testng.internal.MethodInvocationHelper.invokeMethod(MethodInvocationHelper.java:124)
at org.testng.internal.Invoker.invokeMethod(Invoker.java:583)
at org.testng.internal.Invoker.invokeTestMethod(Invoker.java:719)
at org.testng.internal.Invoker.invokeTestMethods(Invoker.java:989)
at org.testng.internal.TestMethodWorker.invokeTestMethods(TestMethodWorker.java:125)
at org.testng.internal.TestMethodWorker.run(TestMethodWorker.java:109)
at org.testng.TestRunner.privateRun(TestRunner.java:648)
at org.testng.TestRunner.run(TestRunner.java:505)
at org.testng.SuiteRunner.runTest(SuiteRunner.java:455)
at org.testng.SuiteRunner.runSequentially(SuiteRunner.java:450)
at org.testng.SuiteRunner.privateRun(SuiteRunner.java:415)
at org.testng.SuiteRunner.run(SuiteRunner.java:364)
at org.testng.SuiteRunnerWorker.runSuite(SuiteRunnerWorker.java:52)
at org.testng.SuiteRunnerWorker.run(SuiteRunnerWorker.java:84)
at org.testng.TestNG.runSuitesSequentially(TestNG.java:1208)
at org.testng.TestNG.runSuitesLocally(TestNG.java:1137)
at org.testng.TestNG.runSuites(TestNG.java:1049)
at org.testng.TestNG.run(TestNG.java:1017)
at org.testng.remote.AbstractRemoteTestNG.run(AbstractRemoteTestNG.java:115)
at org.testng.remote.RemoteTestNG.initAndRun(RemoteTestNG.java:251)
at org.testng.remote.RemoteTestNG.main(RemoteTestNG.java:77)
]]>
    </failure>
  </testcase> <!-- switchToCanvas -->
  <testcase name="clickOnDisplayPopUpWindowButton" time="0.0" classname="com.qa.testcase.HomeScreenTest">
    <ignored/>
  </testcase> <!-- clickOnDisplayPopUpWindowButton -->
  <testcase name="touchActions" time="0.0" classname="com.qa.testcase.HomeScreenTest">
    <ignored/>
  </testcase> <!-- touchActions -->
</testsuite> <!-- Default test -->
