<?xml version="1.0" encoding="UTF-8"?>
<!-- Generated by org.testng.reporters.JUnitXMLReporter -->
<testsuite hostname="Biswajit" ignored="0" name="Test" tests="5" failures="1" timestamp="21 Jun 2019 19:25:14 GMT" time="60.223" errors="0">
  <testcase name="clickOnENbuttonAndDecline" time="2.341" classname="com.qa.testcase.HomeScreenTest"/>
  <testcase name="clickOnRegistrationButtonAndNavigateBack" time="8.034" classname="com.qa.testcase.HomeScreenTest"/>
  <testcase name="enterTextInTextBox" time="0.89" classname="com.qa.testcase.HomeScreenTest"/>
  <testcase name="clickOnProgressBar" time="10.57" classname="com.qa.testcase.HomeScreenTest">
    <skipped/>
  </testcase> <!-- clickOnProgressBar -->
  <testcase name="clickOnProgressBar" time="19.157" classname="com.qa.testcase.HomeScreenTest">
    <failure type="org.openqa.selenium.TimeoutException" message="Expected condition failed: waiting for visibility of all elements located by By.id: io.selendroid.testapp:id/inputUsername (tried for 10 second(s) with 500 milliseconds interval)
Build info: version: &amp;apos;3.12.0&amp;apos;, revision: &amp;apos;7c6e0b3&amp;apos;, time: &amp;apos;2018-05-08T14:04:26.12Z&amp;apos;
System info: host: &amp;apos;BISWAJIT&amp;apos;, ip: &amp;apos;192.168.1.9&amp;apos;, os.name: &amp;apos;Windows 10&amp;apos;, os.arch: &amp;apos;amd64&amp;apos;, os.version: &amp;apos;10.0&amp;apos;, java.version: &amp;apos;1.8.0_191&amp;apos;
Driver info: io.appium.java_client.android.AndroidDriver
Capabilities {app: src\main\java\com\qa\app\se..., appPackage: io.selendroid.testapp, appWaitActivity: io.selendroid.testapp.HomeS..., appWaitPackage: io.selendroid.testapp, autoGrantPermissions: true, automationName: uiautomator2, databaseEnabled: false, desired: {app: src\main\java\com\qa\app\se..., appWaitActivity: io.selendroid.testapp.HomeS..., appWaitPackage: io.selendroid.testapp, autoGrantPermissions: true, automationName: uiautomator2, deviceName: Redmi 4, fullReset: false, noReset: true, platformName: android, platformVersion: 7.1, udid: a49cce0a7d24}, deviceApiLevel: 25, deviceManufacturer: Xiaomi, deviceModel: Redmi 4, deviceName: a49cce0a7d24, deviceScreenDensity: 320, deviceScreenSize: 720x1280, deviceUDID: a49cce0a7d24, fullReset: false, javascriptEnabled: true, locationContextEnabled: false, networkConnectionEnabled: true, noReset: true, pixelRatio: 2, platform: LINUX, platformName: Android, platformVersion: 7.1.2, statBarHeight: 50, takesScreenshot: true, udid: a49cce0a7d24, viewportRect: {height: 1230, left: 0, top: 50, width: 720}, warnings: {}, webStorageEnabled: false}
Session ID: b2b10025-70ad-4117-960e-a68ccc1ffcd1">
      <![CDATA[org.openqa.selenium.TimeoutException: Expected condition failed: waiting for visibility of all elements located by By.id: io.selendroid.testapp:id/inputUsername (tried for 10 second(s) with 500 milliseconds interval)
Build info: version: '3.12.0', revision: '7c6e0b3', time: '2018-05-08T14:04:26.12Z'
System info: host: 'BISWAJIT', ip: '192.168.1.9', os.name: 'Windows 10', os.arch: 'amd64', os.version: '10.0', java.version: '1.8.0_191'
Driver info: io.appium.java_client.android.AndroidDriver
Capabilities {app: src\main\java\com\qa\app\se..., appPackage: io.selendroid.testapp, appWaitActivity: io.selendroid.testapp.HomeS..., appWaitPackage: io.selendroid.testapp, autoGrantPermissions: true, automationName: uiautomator2, databaseEnabled: false, desired: {app: src\main\java\com\qa\app\se..., appWaitActivity: io.selendroid.testapp.HomeS..., appWaitPackage: io.selendroid.testapp, autoGrantPermissions: true, automationName: uiautomator2, deviceName: Redmi 4, fullReset: false, noReset: true, platformName: android, platformVersion: 7.1, udid: a49cce0a7d24}, deviceApiLevel: 25, deviceManufacturer: Xiaomi, deviceModel: Redmi 4, deviceName: a49cce0a7d24, deviceScreenDensity: 320, deviceScreenSize: 720x1280, deviceUDID: a49cce0a7d24, fullReset: false, javascriptEnabled: true, locationContextEnabled: false, networkConnectionEnabled: true, noReset: true, pixelRatio: 2, platform: LINUX, platformName: Android, platformVersion: 7.1.2, statBarHeight: 50, takesScreenshot: true, udid: a49cce0a7d24, viewportRect: {height: 1230, left: 0, top: 50, width: 720}, warnings: {}, webStorageEnabled: false}
Session ID: b2b10025-70ad-4117-960e-a68ccc1ffcd1
at org.openqa.selenium.support.ui.WebDriverWait.timeoutException(WebDriverWait.java:81)
at org.openqa.selenium.support.ui.FluentWait.until(FluentWait.java:271)
at com.qa.screens.HomeScreen.clickOnProgressBar(HomeScreen.java:98)
at com.qa.testcase.HomeScreenTest.clickOnProgressBar(HomeScreenTest.java:47)
... Removed 25 stack frames]]>
    </failure>
  </testcase> <!-- clickOnProgressBar -->
</testsuite> <!-- Test -->
