<?xml version="1.0" encoding="UTF-8"?>
<testng-results skipped="0" failed="0" ignored="0" total="1" passed="1">
  <reporter-output>
  </reporter-output>
  <suite name="Suite" duration-ms="19981" started-at="2019-06-07T09:00:01Z" finished-at="2019-06-07T09:00:21Z">
    <groups>
    </groups>
    <test name="Test" duration-ms="19981" started-at="2019-06-07T09:00:01Z" finished-at="2019-06-07T09:00:21Z">
      <class name="com.qa.testcase.HomeScreenTest">
        <test-method status="PASS" signature="startAppiumServer()[pri:0, instance:com.qa.testcase.HomeScreenTest@706a04ae]" name="startAppiumServer" is-config="true" duration-ms="10023" started-at="2019-06-07T08:59:51Z" finished-at="2019-06-07T09:00:01Z">
          <reporter-output>
          </reporter-output>
        </test-method> <!-- startAppiumServer -->
        <test-method status="PASS" signature="launchApp()[pri:0, instance:com.qa.testcase.HomeScreenTest@706a04ae]" name="launchApp" is-config="true" duration-ms="18325" started-at="2019-06-07T09:00:01Z" finished-at="2019-06-07T09:00:19Z">
          <reporter-output>
          </reporter-output>
        </test-method> <!-- launchApp -->
        <test-method status="PASS" signature="isENbuttonEnabled()[pri:0, instance:com.qa.testcase.HomeScreenTest@706a04ae]" name="isENbuttonEnabled" duration-ms="457" started-at="2019-06-07T09:00:19Z" finished-at="2019-06-07T09:00:20Z">
          <reporter-output>
          </reporter-output>
        </test-method> <!-- isENbuttonEnabled -->
        <test-method status="PASS" signature="closeApp()[pri:0, instance:com.qa.testcase.HomeScreenTest@706a04ae]" name="closeApp" is-config="true" duration-ms="1150" started-at="2019-06-07T09:00:20Z" finished-at="2019-06-07T09:00:21Z">
          <reporter-output>
          </reporter-output>
        </test-method> <!-- closeApp -->
        <test-method status="PASS" signature="stopAppiumServer()[pri:0, instance:com.qa.testcase.HomeScreenTest@706a04ae]" name="stopAppiumServer" is-config="true" duration-ms="15" started-at="2019-06-07T09:00:22Z" finished-at="2019-06-07T09:00:22Z">
          <reporter-output>
          </reporter-output>
        </test-method> <!-- stopAppiumServer -->
      </class> <!-- com.qa.testcase.HomeScreenTest -->
    </test> <!-- Test -->
  </suite> <!-- Suite -->
</testng-results>
